[debug] > Exec(reload, None, None)
[debug] > Exec(sbtStashOnFailure, None, None)
[debug] > Exec(onFailure loadFailed, None, None)
[debug] > Exec(loadp, None, None)
[info] welcome to sbt 1.4.3 (Oracle Corporation Java 1.8.0_151)
[debug]       Load.loadUnit: plugins took 32.1635ms
[debug]       Load.loadUnit: defsScala took 0.0061ms
[debug] [Loading] Scanning directory C:\Users\Victor Paul\.sbt\1.0\plugins
[debug] [Loading] Found non-root projects 
[debug] [Loading] Done in C:\Users\Victor Paul\.sbt\1.0\plugins, returning: ()
[debug] deducing auto plugins based on known facts Set(Atom(sbt.plugins.CorePlugin)) and clauses Clauses(List(Clause(Atom(sbt.plugins.JvmPlugin),Set(Atom(sbt.plugins.IvyPlugin))), Clause(Atom(sbt.ScriptedPlugin),Set(Atom(sbt.plugins.JvmPlugin))), Clause(Atom(sbt.plugins.SbtPlugin),Set(Atom(sbt.ScriptedPlugin))), Clause(Atom(sbt.plugins.SemanticdbPlugin),Set(Atom(sbt.plugins.JvmPlugin))), Clause(Atom(sbt.plugins.JUnitXmlReportPlugin),Set(Atom(sbt.plugins.JvmPlugin))), Clause(Atom(sbt.plugins.MiniDependencyTreePlugin),Set(Atom(sbt.plugins.JvmPlugin))), Clause(Atom(sbt.plugins.CorePlugin),Set(Atom(sbt.plugins.IvyPlugin))), Clause(Atom(sbt.plugins.IvyPlugin),Set(Atom(sbt.plugins.JvmPlugin))), Clause(Atom(sbt.plugins.JvmPlugin),Set(Atom(sbt.plugins.SemanticdbPlugin))), Clause(Atom(sbt.plugins.JvmPlugin),Set(Atom(sbt.plugins.JUnitXmlReportPlugin))), Clause(Atom(sbt.plugins.CorePlugin),Set(Atom(sbt.plugins.Giter8TemplatePlugin))), Clause(Atom(sbt.plugins.JvmPlugin),Set(Atom(sbt.plugins.MiniDependencyTreePlugin)))))
[debug]   :: deduced result: Matched(sbt.plugins.CorePlugin,sbt.plugins.Giter8TemplatePlugin,sbt.plugins.IvyPlugin,sbt.plugins.JvmPlugin,sbt.plugins.MiniDependencyTreePlugin,sbt.plugins.JUnitXmlReportPlugin,sbt.plugins.SemanticdbPlugin)
[debug] Plugins.deducer#function took 4.0943 ms
[debug]           Load.resolveProject(global-plugins) took 1.4727ms
[debug]         Load.loadTransitive: finalizeProject(Project(id global-plugins, base: C:\Users\Victor Paul\.sbt\1.0\plugins, plugins: List(<none>))) took 6.3082ms
[debug] [Loading] Done in C:\Users\Victor Paul\.sbt\1.0\plugins, returning: (global-plugins)
[debug]       Load.loadUnit: loadedProjectsRaw took 8.1915ms
[debug]       Load.loadUnit: cleanEvalClasses took 0.0119ms
[debug]     Load.loadUnit(file:/C:/Users/Victor%20Paul/.sbt/1.0/plugins/, ...) took 41.0018ms
[debug]   Load.apply: load took 42.8658ms
[debug]   Load.apply: resolveProjects took 0.1959ms
[debug]   Load.apply: finalTransforms took 13.2493ms
[debug]   Load.apply: config.delegates took 0.4528ms
[debug]   Load.apply: Def.make(settings)... took 94.5664ms
[debug]   Load.apply: structureIndex took 62.8579ms
[debug]   Load.apply: mkStreams took 0.0039ms
[info] loading global plugins from C:\Users\Victor Paul\.sbt\1.0\plugins
[debug] Running task... Cancel: Signal, check cycles: false, forcegc: true
[debug] Load.defaultLoad until apply took 1207.4834ms
[debug]           Load.loadUnit: plugins took 68.0398ms
[debug]           Load.loadUnit: defsScala took 0.0069ms
[debug] [Loading] Scanning directory C:\Users\Victor Paul\Desktop\RMtweets\project
[debug]             Load.loadUnit: mkEval took 1.9006ms
[debug] [Loading] Found non-root projects 
[debug] [Loading] Done in C:\Users\Victor Paul\Desktop\RMtweets\project, returning: ()
[debug] deducing auto plugins based on known facts Set(Atom(sbt.plugins.CorePlugin)) and clauses Clauses(List(Clause(Atom(sbt.plugins.JvmPlugin),Set(Atom(sbt.plugins.IvyPlugin))), Clause(Atom(sbt.ScriptedPlugin),Set(Atom(sbt.plugins.JvmPlugin))), Clause(Atom(sbt.plugins.SbtPlugin),Set(Atom(sbt.ScriptedPlugin))), Clause(Atom(sbt.plugins.SemanticdbPlugin),Set(Atom(sbt.plugins.JvmPlugin))), Clause(Atom(sbt.plugins.JUnitXmlReportPlugin),Set(Atom(sbt.plugins.JvmPlugin))), Clause(Atom(sbt.plugins.MiniDependencyTreePlugin),Set(Atom(sbt.plugins.JvmPlugin))), Clause(Atom(sbt.plugins.CorePlugin),Set(Atom(sbt.plugins.IvyPlugin))), Clause(Atom(sbt.plugins.IvyPlugin),Set(Atom(sbt.plugins.JvmPlugin))), Clause(Atom(sbt.plugins.JvmPlugin),Set(Atom(sbt.plugins.SemanticdbPlugin))), Clause(Atom(sbt.plugins.JvmPlugin),Set(Atom(sbt.plugins.JUnitXmlReportPlugin))), Clause(Atom(sbt.plugins.CorePlugin),Set(Atom(sbt.plugins.Giter8TemplatePlugin))), Clause(Atom(sbt.plugins.JvmPlugin),Set(Atom(sbt.plugins.MiniDependencyTreePlugin)))))
[debug]   :: deduced result: Matched(sbt.plugins.CorePlugin,sbt.plugins.Giter8TemplatePlugin,sbt.plugins.IvyPlugin,sbt.plugins.JvmPlugin,sbt.plugins.MiniDependencyTreePlugin,sbt.plugins.JUnitXmlReportPlugin,sbt.plugins.SemanticdbPlugin)
[debug] Plugins.deducer#function took 3.799 ms
[info] loading settings for project rmtweets-build from idea1.sbt ...
[debug]               Load.resolveProject(rmtweets-build) took 2.5749ms
[debug]             Load.loadTransitive: finalizeProject(Project(id rmtweets-build, base: C:\Users\Victor Paul\Desktop\RMtweets\project, plugins: List(<none>))) took 7.043ms
[debug] [Loading] Done in C:\Users\Victor Paul\Desktop\RMtweets\project, returning: (rmtweets-build)
[debug]           Load.loadUnit: loadedProjectsRaw took 46.6744ms
[debug]           Load.loadUnit: cleanEvalClasses took 1.2577ms
[debug]         Load.loadUnit(file:/C:/Users/Victor%20Paul/Desktop/RMtweets/project/, ...) took 116.8477ms
[debug]       Load.apply: load took 119.3384ms
[debug]       Load.apply: resolveProjects took 0.4576ms
[debug]       Load.apply: finalTransforms took 18.1084ms
[debug]       Load.apply: config.delegates took 0.7205ms
[debug]       Load.apply: Def.make(settings)... took 477.2214ms
[debug]       Load.apply: structureIndex took 150.0141ms
[debug]       Load.apply: mkStreams took 0.0031ms
[info] loading project definition from C:\Users\Victor Paul\Desktop\RMtweets\project
[debug] Running task... Cancel: Signal, check cycles: false, forcegc: true
[debug]     Load.loadUnit: plugins took 1521.9549ms
[debug]     Load.loadUnit: defsScala took 0.0029ms
[debug] [Loading] Scanning directory C:\Users\Victor Paul\Desktop\RMtweets
[debug]       Load.loadUnit: mkEval took 0.3329ms
[debug] [Loading] Found non-root projects 
[debug] [Loading] Done in C:\Users\Victor Paul\Desktop\RMtweets, returning: ()
[debug] deducing auto plugins based on known facts Set(Atom(sbt.plugins.CorePlugin)) and clauses Clauses(List(Clause(Atom(sbt.plugins.JvmPlugin),Set(Atom(sbt.plugins.IvyPlugin))), Clause(Atom(sbt.ScriptedPlugin),Set(Atom(sbt.plugins.JvmPlugin))), Clause(Atom(sbt.plugins.SbtPlugin),Set(Atom(sbt.ScriptedPlugin))), Clause(Atom(sbt.plugins.SemanticdbPlugin),Set(Atom(sbt.plugins.JvmPlugin))), Clause(Atom(sbt.plugins.JUnitXmlReportPlugin),Set(Atom(sbt.plugins.JvmPlugin))), Clause(Atom(sbt.plugins.MiniDependencyTreePlugin),Set(Atom(sbt.plugins.JvmPlugin))), Clause(Atom(org.jetbrains.sbt.StructurePlugin),Set(Atom(sbt.plugins.JvmPlugin))), Clause(Atom(org.jetbrains.sbt.IdeaShellPlugin),Set(Atom(sbt.plugins.JvmPlugin))), Clause(Atom(org.jetbrains.sbt.indices.SbtIntellijIndicesPlugin),Set(Atom(sbt.plugins.JvmPlugin))), Clause(Atom(sbt.plugins.CorePlugin),Set(Atom(sbt.plugins.IvyPlugin))), Clause(Atom(sbt.plugins.IvyPlugin),Set(Atom(sbt.plugins.JvmPlugin))), Clause(Atom(sbt.plugins.JvmPlugin),Set(Atom(sbt.plugins.SemanticdbPlugin))), Clause(Atom(sbt.plugins.JvmPlugin),Set(Atom(sbt.plugins.JUnitXmlReportPlugin))), Clause(Atom(sbt.plugins.CorePlugin),Set(Atom(sbt.plugins.Giter8TemplatePlugin))), Clause(Atom(sbt.plugins.JvmPlugin),Set(Atom(sbt.plugins.MiniDependencyTreePlugin))), Clause(Atom(sbt.plugins.JvmPlugin),Set(Atom(org.jetbrains.sbt.StructurePlugin))), Clause(Atom(sbt.plugins.JvmPlugin),Set(Atom(org.jetbrains.sbt.IdeaShellPlugin))), Clause(And(Set(Atom(sbt.plugins.CorePlugin), Atom(sbt.plugins.JvmPlugin))),Set(Atom(org.jetbrains.sbt.indices.SbtIntellijIndicesPlugin)))))
[debug]   :: deduced result: Matched(sbt.plugins.CorePlugin,sbt.plugins.Giter8TemplatePlugin,sbt.plugins.IvyPlugin,sbt.plugins.JvmPlugin,sbt.plugins.SemanticdbPlugin,org.jetbrains.sbt.indices.SbtIntellijIndicesPlugin,sbt.plugins.JUnitXmlReportPlugin,org.jetbrains.sbt.IdeaShellPlugin,org.jetbrains.sbt.StructurePlugin,sbt.plugins.MiniDependencyTreePlugin)
[debug] Plugins.deducer#function took 2.0644 ms
[info] loading settings for project rmtweets from build.sbt ...
[debug]         Load.resolveProject(rmtweets) took 44.652ms
[debug]       Load.loadTransitive: finalizeProject(Project(id rmtweets, base: C:\Users\Victor Paul\Desktop\RMtweets, plugins: List(<none>))) took 47.4731ms
[debug] [Loading] Done in C:\Users\Victor Paul\Desktop\RMtweets, returning: (rmtweets)
[debug]     Load.loadUnit: loadedProjectsRaw took 177.201ms
[debug]     Load.loadUnit: cleanEvalClasses took 26.2935ms
[debug]   Load.loadUnit(file:/C:/Users/Victor%20Paul/Desktop/RMtweets/, ...) took 1726.1791ms
[debug] Load.apply: load took 1729.9936ms
[debug] Load.apply: resolveProjects took 0.4022ms
[debug] Load.apply: finalTransforms took 22.7079ms
[debug] Load.apply: config.delegates took 0.3638ms
[debug] Load.apply: Def.make(settings)... took 94.669ms
[debug] Load.apply: structureIndex took 22.4501ms
[debug] Load.apply: mkStreams took 0.003ms
[warn] Discarding 1 session setting.  Use 'session save' to persist session settings.
[info] set current project to RMtweets (in build file:/C:/Users/Victor%20Paul/Desktop/RMtweets/)
[debug] > Exec(sbtPopOnFailure, None, None)
[debug] > Exec(resumeFromFailure, None, None)
[debug] > Exec(idea-shell, None, None)
